Flutter crash report.
Please report a bug at https://github.com/flutter/flutter/issues.

## command

flutter test --machine --name ^cart hive( \(variant: .*\))?$ --run-skipped -d 387EAAB8-719B-4833-ACC6-E509BAC90545 test/repository_test.dart

## exception

ShaderCompilerException: ShaderCompilerException: Shader compilation of "/Users/liuqi/Development/flutter/packages/flutter/lib/src/material/shaders/ink_sparkle.frag" to "build/unit_test_assets/shaders/ink_sparkle.frag" failed with exit code 1.
impellerc stdout:

impellerc stderr:
Could not write file to build/unit_test_assets/shaders/ink_sparkle.frag.spirv




```
#0      ShaderCompiler.compileShader (package:flutter_tools/src/build_system/targets/shader_compiler.dart:202:9)
<asynchronous suspension>
#1      writeBundle.<anonymous closure> (package:flutter_tools/src/bundle_builder.dart:185:25)
<asynchronous suspension>
#2      Future.wait.<anonymous closure> (dart:async/future.dart:522:21)
<asynchronous suspension>
#3      writeBundle (package:flutter_tools/src/bundle_builder.dart:163:3)
<asynchronous suspension>
#4      TestCommand._buildTestAsset (package:flutter_tools/src/commands/test.dart:502:7)
<asynchronous suspension>
#5      TestCommand.runCommand (package:flutter_tools/src/commands/test.dart:329:7)
<asynchronous suspension>
#6      FlutterCommand.run.<anonymous closure> (package:flutter_tools/src/runner/flutter_command.dart:1257:27)
<asynchronous suspension>
#7      AppContext.run.<anonymous closure> (package:flutter_tools/src/base/context.dart:150:19)
<asynchronous suspension>
#8      CommandRunner.runCommand (package:args/command_runner.dart:209:13)
<asynchronous suspension>
#9      FlutterCommandRunner.runCommand.<anonymous closure> (package:flutter_tools/src/runner/flutter_command_runner.dart:283:9)
<asynchronous suspension>
#10     AppContext.run.<anonymous closure> (package:flutter_tools/src/base/context.dart:150:19)
<asynchronous suspension>
#11     FlutterCommandRunner.runCommand (package:flutter_tools/src/runner/flutter_command_runner.dart:229:5)
<asynchronous suspension>
#12     run.<anonymous closure>.<anonymous closure> (package:flutter_tools/runner.dart:64:9)
<asynchronous suspension>
#13     AppContext.run.<anonymous closure> (package:flutter_tools/src/base/context.dart:150:19)
<asynchronous suspension>
#14     main (package:flutter_tools/executable.dart:91:3)
<asynchronous suspension>
```

## flutter doctor

```
[!] Flutter (Channel stable, 3.7.8, on macOS 12.5.1 21G83 darwin-arm64, locale zh-Hans-CN)
    • Flutter version 3.7.8 on channel stable at /Users/liuqi/Development/flutter
    ! The flutter binary is not on your path. Consider adding /Users/liuqi/Development/flutter/bin to your path.
    ! Warning: `dart` on your path resolves to /opt/homebrew/Cellar/dart/2.19.1/libexec/bin/dart, which is not inside your current Flutter SDK checkout at /Users/liuqi/Development/flutter. Consider adding /Users/liuqi/Development/flutter/bin to the front of your path.
    • Upstream repository https://github.com/flutter/flutter.git
    • Framework revision 90c64ed42b (7 weeks ago), 2023-03-21 11:27:08 -0500
    • Engine revision 9aa7816315
    • Dart version 2.19.5
    • DevTools version 2.20.1
    • If those were intentional, you can disregard the above warnings; however it is recommended to use "git" directly to perform update checks and upgrades.

[✓] Android toolchain - develop for Android devices (Android SDK version 33.0.1)
    • Android SDK at /Users/liuqi/Library/Android/sdk
    • Platform android-33, build-tools 33.0.1
    • Java binary at: /Applications/Android Studio.app/Contents/jbr/Contents/Home/bin/java
    • Java version OpenJDK Runtime Environment (build 11.0.15+0-b2043.56-8887301)
    • All Android licenses accepted.

[✓] Xcode - develop for iOS and macOS (Xcode 14.2)
    • Xcode at /Applications/Xcode.app/Contents/Developer
    • Build 14C18
    • CocoaPods version 1.12.0

[✓] Chrome - develop for the web
    • Chrome at /Applications/Google Chrome.app/Contents/MacOS/Google Chrome

[✓] Android Studio (version 2022.1)
    • Android Studio at /Applications/Android Studio.app/Contents
    • Flutter plugin can be installed from:
      🔨 https://plugins.jetbrains.com/plugin/9212-flutter
    • Dart plugin can be installed from:
      🔨 https://plugins.jetbrains.com/plugin/6351-dart
    • Java version OpenJDK Runtime Environment (build 11.0.15+0-b2043.56-8887301)

[✓] IntelliJ IDEA Ultimate Edition (version 2022.3.1)
    • IntelliJ at /Applications/IntelliJ IDEA.app
    • Flutter plugin can be installed from:
      🔨 https://plugins.jetbrains.com/plugin/9212-flutter
    • Dart plugin can be installed from:
      🔨 https://plugins.jetbrains.com/plugin/6351-dart

[✓] VS Code (version 1.74.2)
    • VS Code at /Users/liuqi/Desktop/Soft/install/Visual Studio Code.app/Contents
    • Flutter extension version 3.60.0

[✓] Connected device (3 available)
    • iPhone 12 mini (mobile) • 387EAAB8-719B-4833-ACC6-E509BAC90545 • ios            • com.apple.CoreSimulator.SimRuntime.iOS-16-2 (simulator)
    • macOS (desktop)         • macos                                • darwin-arm64   • macOS 12.5.1 21G83 darwin-arm64
    • Chrome (web)            • chrome                               • web-javascript • Google Chrome 113.0.5672.92

[!] HTTP Host Availability
    ✗ HTTP host "https://maven.google.com/" is not reachable. Reason: An error occurred while checking the HTTP host: Operation timed out
    ✗ HTTP host "https://cloud.google.com/" is not reachable. Reason: An error occurred while checking the HTTP host: Operation timed out

! Doctor found issues in 2 categories.
```
